<?xml version="1.0" encoding="UTF-8"?>
<!-- Generated by org.testng.reporters.JUnitReportReporter -->
<testsuite skipped="0" hostname="fitsums-MacBook-Pro-5.local" name="com.Amazon.TestAmazon" tests="1" failures="0" timestamp="24 Dec 2022 04:48:14 GMT" time="41.684" errors="0">
  <testcase name="testAmazonSearchFilter" time="41.684" classname="com.Amazon.TestAmazon"/>
</testsuite> <!-- com.Amazon.TestAmazon -->
